#
# There is insufficient memory for the Java Runtime Environment to continue.
# Native memory allocation (malloc) failed to allocate 1048576 bytes for AllocateHeap
# Possible reasons:
#   The system is out of physical RAM or swap space
#   In 32 bit mode, the process size limit was hit
# Possible solutions:
#   Reduce memory load on the system
#   Increase physical memory or swap space
#   Check if swap backing store is full
#   Use 64 bit Java on a 64 bit OS
#   Decrease Java heap size (-Xmx/-Xms)
#   Decrease number of Java threads
#   Decrease Java thread stack sizes (-Xss)
#   Set larger code cache with -XX:ReservedCodeCacheSize=
# This output file may be truncated or incomplete.
#
#  Out of Memory Error (memory/allocation.inline.hpp:61), pid=19580, tid=0x0000000000004218
#
# JRE version:  (8.0_111-b14) (build )
# Java VM: Java HotSpot(TM) 64-Bit Server VM (25.111-b14 mixed mode windows-amd64 compressed oops)
# Failed to write core dump. Minidumps are not enabled by default on client versions of Windows
#

---------------  T H R E A D  ---------------

Current thread (0x0000000002350800):  JavaThread "Unknown thread" [_thread_in_vm, id=16920, stack(0x0000000000b00000,0x0000000000c00000)]

Stack: [0x0000000000b00000,0x0000000000c00000]
[error occurred during error reporting (printing stack bounds), id 0xc0000005]

Native frames: (J=compiled Java code, j=interpreted, Vv=VM code, C=native code)


---------------  P R O C E S S  ---------------

Java Threads: ( => current thread )

Other Threads:

=>0x0000000002350800 (exited) JavaThread "Unknown thread" [_thread_in_vm, id=16920, stack(0x0000000000b00000,0x0000000000c00000)]

VM state:not at safepoint (normal execution)

VM Mutex/Monitor currently owned by a thread: None

Heap:
 PSYoungGen      total 38400K, used 665K [0x00000000d5e00000, 0x00000000d8880000, 0x0000000100000000)
  eden space 33280K, 2% used [0x00000000d5e00000,0x00000000d5ea6670,0x00000000d7e80000)
  from space 5120K, 0% used [0x00000000d8380000,0x00000000d8380000,0x00000000d8880000)
  to   space 5120K, 0% used [0x00000000d7e80000,0x00000000d7e80000,0x00000000d8380000)
 ParOldGen       total 87552K, used 0K [0x0000000081a00000, 0x0000000086f80000, 0x00000000d5e00000)
  object space 87552K, 0% used [0x0000000081a00000,0x0000000081a00000,0x0000000086f80000)
 Metaspace       used 746K, capacity 4480K, committed 4480K, reserved 1056768K
  class space    used 75K, capacity 384K, committed 384K, reserved 1048576K

Card table byte_map: [0x00000000118c0000,0x0000000011cc0000] byte_map_base: 0x00000000114b3000

Marking Bits: (ParMarkBitMap*) 0x000000006d30a6c0
 Begin Bits: [0x0000000012370000, 0x0000000014308000)
 End Bits:   [0x0000000014308000, 0x00000000162a0000)

Polling page: 0x0000000002330000

CodeCache: size=245760Kb used=328Kb max_used=328Kb free=245431Kb
 bounds [0x0000000002500000, 0x0000000002770000, 0x0000000011500000]
 total_blobs=58 nmethods=0 adapters=38
 compilation: enabled

Compilation events (0 events):
No events

GC Heap History (0 events):
No events

Deoptimization events (0 events):
No events

Internal exceptions (0 events):
No events

Events (10 events):
Event: 0.023 loading class java/lang/Short
Event: 0.023 loading class java/lang/Short done
Event: 0.023 loading class java/lang/Integer
Event: 0.023 loading class java/lang/Integer done
Event: 0.023 loading class java/lang/Long
Event: 0.023 loading class java/lang/Long done
Event: 0.024 loading class java/lang/NullPointerException
Event: 0.024 loading class java/lang/NullPointerException done
Event: 0.024 loading class java/lang/ArithmeticException
Event: 0.024 loading class java/lang/ArithmeticException done


Dynamic libraries:
0x00007ff642e40000 - 0x00007ff642e77000 	C:\Program Files\Java\jre1.8.0_111\bin\javaw.exe
0x00007ffede1f0000 - 0x00007ffede3c1000 	C:\WINDOWS\SYSTEM32\ntdll.dll
0x00007ffedc080000 - 0x00007ffedc12b000 	C:\WINDOWS\System32\KERNEL32.DLL
0x00007ffedb560000 - 0x00007ffedb77d000 	C:\WINDOWS\System32\KERNELBASE.dll
0x00007ffedbc90000 - 0x00007ffedbd32000 	C:\WINDOWS\System32\ADVAPI32.dll
0x00007ffedbaf0000 - 0x00007ffedbb8e000 	C:\WINDOWS\System32\msvcrt.dll
0x00007ffedb780000 - 0x00007ffedb7d9000 	C:\WINDOWS\System32\sechost.dll
0x00007ffedbf50000 - 0x00007ffedc071000 	C:\WINDOWS\System32\RPCRT4.dll
0x00007ffeddaf0000 - 0x00007ffeddc55000 	C:\WINDOWS\System32\USER32.dll
0x00007ffedb3b0000 - 0x00007ffedb3ce000 	C:\WINDOWS\System32\win32u.dll
0x00007ffedc520000 - 0x00007ffedc554000 	C:\WINDOWS\System32\GDI32.dll
0x00007ffedb3d0000 - 0x00007ffedb552000 	C:\WINDOWS\System32\gdi32full.dll
0x00007ffecf920000 - 0x00007ffecfb99000 	C:\WINDOWS\WinSxS\amd64_microsoft.windows.common-controls_6595b64144ccf1df_6.0.14393.447_none_42191651c6827bb3\COMCTL32.dll
0x00007ffedb810000 - 0x00007ffedbad8000 	C:\WINDOWS\System32\combase.dll
0x00007ffedb200000 - 0x00007ffedb2f5000 	C:\WINDOWS\System32\ucrtbase.dll
0x00007ffedb0a0000 - 0x00007ffedb10a000 	C:\WINDOWS\System32\bcryptPrimitives.dll
0x00007ffedb7e0000 - 0x00007ffedb80e000 	C:\WINDOWS\System32\IMM32.DLL
0x000000006be70000 - 0x000000006bf42000 	C:\Program Files\Java\jre1.8.0_111\bin\msvcr100.dll
0x000000006caf0000 - 0x000000006d38a000 	C:\Program Files\Java\jre1.8.0_111\bin\server\jvm.dll
0x00007ffedc5c0000 - 0x00007ffedc5c8000 	C:\WINDOWS\System32\PSAPI.DLL
0x00007ffed6fb0000 - 0x00007ffed6fd3000 	C:\WINDOWS\SYSTEM32\WINMM.dll
0x00007ffecfc50000 - 0x00007ffecfc5a000 	C:\WINDOWS\SYSTEM32\VERSION.dll
0x00007ffec8a10000 - 0x00007ffec8a19000 	C:\WINDOWS\SYSTEM32\WSOCK32.dll
0x00007ffedc130000 - 0x00007ffedc19a000 	C:\WINDOWS\System32\WS2_32.dll
0x00007ffed6f50000 - 0x00007ffed6f7b000 	C:\WINDOWS\SYSTEM32\WINMMBASE.dll
0x00007ffedb1b0000 - 0x00007ffedb1f2000 	C:\WINDOWS\System32\cfgmgr32.dll
0x000000006dbf0000 - 0x000000006dbff000 	C:\Program Files\Java\jre1.8.0_111\bin\verify.dll
0x000000006cac0000 - 0x000000006cae9000 	C:\Program Files\Java\jre1.8.0_111\bin\java.dll
0x000000006caa0000 - 0x000000006cab6000 	C:\Program Files\Java\jre1.8.0_111\bin\zip.dll

VM Arguments:
jvm_args: -Dfile.encoding=Cp1252 
java_command: boot.Run
java_class_path (initial): D:\eclipse\SOKOBAN\JavaFx_Sokoban\bin;D:\eclipse\plugins\org.eclipse.fx.ide.css.jfx8_2.4.0.201605112122.jar
Launcher Type: SUN_STANDARD

Environment Variables:
PATH=C:/Program Files/Java/jre1.8.0_111/bin/server;C:/Program Files/Java/jre1.8.0_111/bin;C:/Program Files/Java/jre1.8.0_111/lib/amd64;C:\ProgramData\Oracle\Java\javapath;c:\Program Files\Java\jdk1.8.0_111\bin;C:\Program Files (x86)\Intel\iCLS Client\;C:\Program Files\Intel\iCLS Client\;C:\Program Files (x86)\NVIDIA Corporation\PhysX\Common;C:\WINDOWS\system32;C:\WINDOWS;C:\WINDOWS\System32\Wbem;C:\WINDOWS\System32\WindowsPowerShell\v1.0\;C:\Program Files\Intel\Intel(R) Management Engine Components\DAL;C:\Program Files\Intel\Intel(R) Management Engine Components\IPT;C:\Program Files (x86)\Intel\Intel(R) Management Engine Components\DAL;C:\Program Files (x86)\Intel\Intel(R) Management Engine Components\IPT;C:\WINDOWS\system32\config\systemprofile\.dnx\bin;C:\Program Files\Microsoft DNX\Dnvm\;C:\Program Files\Microsoft SQL Server\120\Tools\Binn\;c:\Program Files (x86)\Microsoft SQL Server\100\Tools\Binn\;c:\Program Files\Microsoft SQL Server\100\Tools\Binn\;c:\Program Files\Microsoft SQL Server\100\DTS\Binn\;C:\Program Files (x86)\Windows Kits\8.1\Windows Performance Toolkit\;C:\Program Files (x86)\Windows Live\Shared;C:\Program Files\Microsoft Network Monitor 3\;C:\Users\Shir\AppData\Local\Microsoft\WindowsApps;;D:\eclipse;
USERNAME=Shir
OS=Windows_NT
PROCESSOR_IDENTIFIER=Intel64 Family 6 Model 69 Stepping 1, GenuineIntel



---------------  S Y S T E M  ---------------

OS: Windows 10.0 , 64 bit Build 14393 (10.0.14393.0)

CPU:total 4 (2 cores per cpu, 2 threads per core) family 6 model 69 stepping 1, cmov, cx8, fxsr, mmx, sse, sse2, sse3, ssse3, sse4.1, sse4.2, popcnt, avx, avx2, aes, clmul, erms, lzcnt, ht, tsc, tscinvbit, bmi1, bmi2

Memory: 4k page, physical 8278296k(3418168k free), swap 33444120k(5272k free)

vm_info: Java HotSpot(TM) 64-Bit Server VM (25.111-b14) for windows-amd64 JRE (1.8.0_111-b14), built on Sep 22 2016 19:24:05 by "java_re" with MS VC++ 10.0 (VS2010)

time: Thu Jan 19 12:28:46 2017
elapsed time: 0 seconds (0d 0h 0m 0s)

