#
# There is insufficient memory for the Java Runtime Environment to continue.
# Native memory allocation (malloc) failed to allocate 133056 bytes for Chunk::new
# Possible reasons:
#   The system is out of physical RAM or swap space
#   In 32 bit mode, the process size limit was hit
# Possible solutions:
#   Reduce memory load on the system
#   Increase physical memory or swap space
#   Check if swap backing store is full
#   Use 64 bit Java on a 64 bit OS
#   Decrease Java heap size (-Xmx/-Xms)
#   Decrease number of Java threads
#   Decrease Java thread stack sizes (-Xss)
#   Set larger code cache with -XX:ReservedCodeCacheSize=
# This output file may be truncated or incomplete.
#
#  Out of Memory Error (allocation.cpp:390), pid=6828, tid=0x0000000000000b7c
#
# JRE version: Java(TM) SE Runtime Environment (8.0_111-b14) (build 1.8.0_111-b14)
# Java VM: Java HotSpot(TM) 64-Bit Server VM (25.111-b14 mixed mode windows-amd64 compressed oops)
# Failed to write core dump. Minidumps are not enabled by default on client versions of Windows
#

---------------  T H R E A D  ---------------

Current thread (0x0000000017833000):  JavaThread "C2 CompilerThread1" daemon [_thread_in_native, id=2940, stack(0x0000000018f80000,0x0000000019080000)]

Stack: [0x0000000018f80000,0x0000000019080000]
[error occurred during error reporting (printing stack bounds), id 0xc0000005]

Native frames: (J=compiled Java code, j=interpreted, Vv=VM code, C=native code)


Current CompileTask:
C2:    489  400       4       jdk.internal.org.objectweb.asm.Item::set (143 bytes)


---------------  P R O C E S S  ---------------

Java Threads: ( => current thread )
  0x0000000019529000 JavaThread "JavaFX Application Thread" [_thread_in_Java, id=1908, stack(0x0000000019b40000,0x0000000019c40000)]
  0x0000000019524000 JavaThread "Thread-1" daemon [_thread_blocked, id=11880, stack(0x0000000019a40000,0x0000000019b40000)]
  0x0000000019505800 JavaThread "QuantumRenderer-0" daemon [_thread_blocked, id=21536, stack(0x0000000019780000,0x0000000019880000)]
  0x00000000191b0800 JavaThread "Service Thread" daemon [_thread_blocked, id=6620, stack(0x0000000019580000,0x0000000019680000)]
  0x000000001783a000 JavaThread "C1 CompilerThread2" daemon [_thread_blocked, id=22760, stack(0x0000000019080000,0x0000000019180000)]
=>0x0000000017833000 JavaThread "C2 CompilerThread1" daemon [_thread_in_native, id=2940, stack(0x0000000018f80000,0x0000000019080000)]
  0x000000001782d800 JavaThread "C2 CompilerThread0" daemon [_thread_blocked, id=15944, stack(0x0000000018e80000,0x0000000018f80000)]
  0x000000001782c000 JavaThread "Attach Listener" daemon [_thread_blocked, id=12732, stack(0x0000000018d80000,0x0000000018e80000)]
  0x000000001782a800 JavaThread "Signal Dispatcher" daemon [_thread_blocked, id=21164, stack(0x0000000018c80000,0x0000000018d80000)]
  0x000000001781a800 JavaThread "Finalizer" daemon [_thread_blocked, id=19600, stack(0x0000000018a90000,0x0000000018b90000)]
  0x0000000002cdf000 JavaThread "Reference Handler" daemon [_thread_blocked, id=22820, stack(0x0000000018990000,0x0000000018a90000)]
  0x0000000002bf0800 JavaThread "main" [_thread_blocked, id=4920, stack(0x0000000002a50000,0x0000000002b50000)]

Other Threads:
  0x00000000177f7800 VMThread [stack: 0x0000000018890000,0x0000000018990000] [id=2936]
  0x00000000191b2800 WatcherThread [stack: 0x0000000019680000,0x0000000019780000] [id=10688]

VM state:not at safepoint (normal execution)

VM Mutex/Monitor currently owned by a thread: None

Heap:
 PSYoungGen      total 38400K, used 6656K [0x00000000d5e00000, 0x00000000d8880000, 0x0000000100000000)
  eden space 33280K, 20% used [0x00000000d5e00000,0x00000000d64800d0,0x00000000d7e80000)
  from space 5120K, 0% used [0x00000000d8380000,0x00000000d8380000,0x00000000d8880000)
  to   space 5120K, 0% used [0x00000000d7e80000,0x00000000d7e80000,0x00000000d8380000)
 ParOldGen       total 87552K, used 0K [0x0000000081a00000, 0x0000000086f80000, 0x00000000d5e00000)
  object space 87552K, 0% used [0x0000000081a00000,0x0000000081a00000,0x0000000086f80000)
 Metaspace       used 5368K, capacity 6138K, committed 6400K, reserved 1056768K
  class space    used 639K, capacity 734K, committed 768K, reserved 1048576K

Card table byte_map: [0x00000000120b0000,0x00000000124b0000] byte_map_base: 0x0000000011ca3000

Marking Bits: (ParMarkBitMap*) 0x0000000053cda6c0
 Begin Bits: [0x0000000012b60000, 0x0000000014af8000)
 End Bits:   [0x0000000014af8000, 0x0000000016a90000)

Polling page: 0x00000000012e0000

CodeCache: size=245760Kb used=1885Kb max_used=1891Kb free=243874Kb
 bounds [0x0000000002cf0000, 0x0000000002f60000, 0x0000000011cf0000]
 total_blobs=715 nmethods=403 adapters=225
 compilation: enabled

Compilation events (10 events):
Event: 0.482 Thread 0x000000001783a000  398   !   3       java.lang.ClassLoader::getPackage (118 bytes)
Event: 0.483 Thread 0x000000001783a000 nmethod 398 0x0000000002ec4e50 code [0x0000000002ec5020, 0x0000000002ec5b28]
Event: 0.484 Thread 0x0000000017833000  400       4       jdk.internal.org.objectweb.asm.Item::set (143 bytes)
Event: 0.484 Thread 0x000000001782d800  401       4       jdk.internal.org.objectweb.asm.ClassWriter::get (49 bytes)
Event: 0.486 Thread 0x000000001782d800 nmethod 401 0x0000000002ec4a10 code [0x0000000002ec4b60, 0x0000000002ec4ca8]
Event: 0.487 Thread 0x000000001783a000  402       3       java.lang.invoke.MethodType::checkRtype (6 bytes)
Event: 0.487 Thread 0x000000001783a000 nmethod 402 0x0000000002ec9310 code [0x0000000002ec9480, 0x0000000002ec9708]
Event: 0.487 Thread 0x000000001783a000  403       3       java.lang.invoke.MethodTypeForm::canonicalizeAll (66 bytes)
Event: 0.488 Thread 0x000000001783a000 nmethod 403 0x0000000002ec88d0 code [0x0000000002ec8a80, 0x0000000002ec90b8]
Event: 0.488 Thread 0x000000001783a000  404       3       java.lang.invoke.MethodType$ConcurrentWeakInternSet$WeakEntry::<init> (15 bytes)

GC Heap History (0 events):
No events

Deoptimization events (0 events):
No events

Internal exceptions (9 events):
Event: 0.037 Thread 0x0000000002bf0800 Exception <a 'java/lang/NoSuchMethodError': Method sun.misc.Unsafe.defineClass(Ljava/lang/String;[BII)Ljava/lang/Class; name or signature does not match> (0x00000000d5e07c78) thrown at [C:\re\workspace\8-2-build-windows-amd64-cygwin\jdk8u111\7883\hotspot\
Event: 0.037 Thread 0x0000000002bf0800 Exception <a 'java/lang/NoSuchMethodError': Method sun.misc.Unsafe.prefetchRead(Ljava/lang/Object;J)V name or signature does not match> (0x00000000d5e07f60) thrown at [C:\re\workspace\8-2-build-windows-amd64-cygwin\jdk8u111\7883\hotspot\src\share\vm\prims
Event: 0.198 Thread 0x0000000002bf0800 Exception <a 'java/lang/NoSuchFieldError': method resolution failed> (0x00000000d60182e0) thrown at [C:\re\workspace\8-2-build-windows-amd64-cygwin\jdk8u111\7883\hotspot\src\share\vm\prims\methodHandles.cpp, line 1146]
Event: 0.205 Thread 0x0000000002bf0800 Exception <a 'java/lang/NoSuchFieldError': method resolution failed> (0x00000000d6025660) thrown at [C:\re\workspace\8-2-build-windows-amd64-cygwin\jdk8u111\7883\hotspot\src\share\vm\prims\methodHandles.cpp, line 1146]
Event: 0.238 Thread 0x0000000002bf0800 Exception <a 'java/security/PrivilegedActionException'> (0x00000000d60afa60) thrown at [C:\re\workspace\8-2-build-windows-amd64-cygwin\jdk8u111\7883\hotspot\src\share\vm\prims\jvm.cpp, line 1386]
Event: 0.238 Thread 0x0000000002bf0800 Exception <a 'java/security/PrivilegedActionException'> (0x00000000d60afc70) thrown at [C:\re\workspace\8-2-build-windows-amd64-cygwin\jdk8u111\7883\hotspot\src\share\vm\prims\jvm.cpp, line 1386]
Event: 0.239 Thread 0x0000000002bf0800 Exception <a 'java/security/PrivilegedActionException'> (0x00000000d60b38b8) thrown at [C:\re\workspace\8-2-build-windows-amd64-cygwin\jdk8u111\7883\hotspot\src\share\vm\prims\jvm.cpp, line 1386]
Event: 0.239 Thread 0x0000000002bf0800 Exception <a 'java/security/PrivilegedActionException'> (0x00000000d60b3ac8) thrown at [C:\re\workspace\8-2-build-windows-amd64-cygwin\jdk8u111\7883\hotspot\src\share\vm\prims\jvm.cpp, line 1386]
Event: 0.239 Thread 0x0000000002bf0800 Exception <a 'java/lang/NullPointerException'> (0x00000000d60b40a0) thrown at [C:\re\workspace\8-2-build-windows-amd64-cygwin\jdk8u111\7883\hotspot\src\share\vm\interpreter\linkResolver.cpp, line 1178]

Events (10 events):
Event: 0.480 loading class javafx/geometry/Rectangle2D
Event: 0.480 loading class javafx/geometry/Rectangle2D done
Event: 0.481 loading class javafx/collections/ListChangeBuilder$SubChange
Event: 0.481 loading class javafx/collections/ListChangeBuilder$SubChange done
Event: 0.482 loading class com/sun/scenario/Settings
Event: 0.482 loading class com/sun/scenario/Settings done
Event: 0.483 loading class java/lang/NumberFormatException
Event: 0.483 loading class java/lang/NumberFormatException done
Event: 0.487 loading class javafx/util/Callback
Event: 0.487 loading class javafx/util/Callback done


Dynamic libraries:
0x00007ff62bae0000 - 0x00007ff62bb17000 	C:\Program Files\Java\jre1.8.0_111\bin\javaw.exe
0x00007ffa22e00000 - 0x00007ffa22fd1000 	C:\WINDOWS\SYSTEM32\ntdll.dll
0x00007ffa203d0000 - 0x00007ffa2047b000 	C:\WINDOWS\System32\KERNEL32.DLL
0x00007ffa1f3a0000 - 0x00007ffa1f5bd000 	C:\WINDOWS\System32\KERNELBASE.dll
0x00007ffa211e0000 - 0x00007ffa21282000 	C:\WINDOWS\System32\ADVAPI32.dll
0x00007ffa214b0000 - 0x00007ffa2154e000 	C:\WINDOWS\System32\msvcrt.dll
0x00007ffa21450000 - 0x00007ffa214a9000 	C:\WINDOWS\System32\sechost.dll
0x00007ffa20a50000 - 0x00007ffa20b71000 	C:\WINDOWS\System32\RPCRT4.dll
0x00007ffa20d20000 - 0x00007ffa20e85000 	C:\WINDOWS\System32\USER32.dll
0x00007ffa1f960000 - 0x00007ffa1f97e000 	C:\WINDOWS\System32\win32u.dll
0x00007ffa20390000 - 0x00007ffa203c4000 	C:\WINDOWS\System32\GDI32.dll
0x00007ffa1f5c0000 - 0x00007ffa1f742000 	C:\WINDOWS\System32\gdi32full.dll
0x00007ffa1aae0000 - 0x00007ffa1ad59000 	C:\WINDOWS\WinSxS\amd64_microsoft.windows.common-controls_6595b64144ccf1df_6.0.14393.447_none_42191651c6827bb3\COMCTL32.dll
0x00007ffa20f10000 - 0x00007ffa211d8000 	C:\WINDOWS\System32\combase.dll
0x00007ffa1f860000 - 0x00007ffa1f955000 	C:\WINDOWS\System32\ucrtbase.dll
0x00007ffa20150000 - 0x00007ffa201ba000 	C:\WINDOWS\System32\bcryptPrimitives.dll
0x00007ffa22b70000 - 0x00007ffa22b9e000 	C:\WINDOWS\System32\IMM32.DLL
0x0000000053300000 - 0x00000000533d2000 	C:\Program Files\Java\jre1.8.0_111\bin\msvcr100.dll
0x00000000534c0000 - 0x0000000053d5a000 	C:\Program Files\Java\jre1.8.0_111\bin\server\jvm.dll
0x00007ffa20e90000 - 0x00007ffa20e98000 	C:\WINDOWS\System32\PSAPI.DLL
0x00007ffa07400000 - 0x00007ffa07409000 	C:\WINDOWS\SYSTEM32\WSOCK32.dll
0x00007ffa20ea0000 - 0x00007ffa20f0a000 	C:\WINDOWS\System32\WS2_32.dll
0x00007ffa1c2c0000 - 0x00007ffa1c2e3000 	C:\WINDOWS\SYSTEM32\WINMM.dll
0x00007ffa1ae40000 - 0x00007ffa1ae4a000 	C:\WINDOWS\SYSTEM32\VERSION.dll
0x00000000012b0000 - 0x00000000012db000 	C:\WINDOWS\SYSTEM32\WINMMBASE.dll
0x00007ffa20100000 - 0x00007ffa20142000 	C:\WINDOWS\System32\cfgmgr32.dll
0x00000000534b0000 - 0x00000000534bf000 	C:\Program Files\Java\jre1.8.0_111\bin\verify.dll
0x0000000053480000 - 0x00000000534a9000 	C:\Program Files\Java\jre1.8.0_111\bin\java.dll
0x0000000053460000 - 0x0000000053476000 	C:\Program Files\Java\jre1.8.0_111\bin\zip.dll
0x00007ffa21550000 - 0x00007ffa22a59000 	C:\WINDOWS\System32\SHELL32.dll
0x00007ffa1fa20000 - 0x00007ffa200fa000 	C:\WINDOWS\System32\windows.storage.dll
0x00007ffa1f2a0000 - 0x00007ffa1f2ec000 	C:\WINDOWS\System32\powrprof.dll
0x00007ffa21290000 - 0x00007ffa212e2000 	C:\WINDOWS\System32\shlwapi.dll
0x00007ffa1f260000 - 0x00007ffa1f26f000 	C:\WINDOWS\System32\kernel.appcore.dll
0x00007ffa1f2f0000 - 0x00007ffa1f399000 	C:\WINDOWS\System32\shcore.dll
0x00007ffa1f270000 - 0x00007ffa1f284000 	C:\WINDOWS\System32\profapi.dll
0x00007ffa01ae0000 - 0x00007ffa01bcf000 	C:\Program Files\Java\jre1.8.0_111\bin\msvcr120.dll
0x00007ffa01a30000 - 0x00007ffa01ad6000 	C:\Program Files\Java\jre1.8.0_111\bin\msvcp120.dll
0x00000000532d0000 - 0x00000000532f2000 	C:\Program Files\Java\jre1.8.0_111\bin\prism_d3d.dll
0x00007ff9ff700000 - 0x00007ff9ff88d000 	C:\WINDOWS\system32\d3d9.dll
0x00007ffa1c4a0000 - 0x00007ffa1c4c6000 	C:\WINDOWS\SYSTEM32\dwmapi.dll
0x00007ffa1d8f0000 - 0x00007ffa1d985000 	C:\WINDOWS\system32\uxtheme.dll
0x0000000053030000 - 0x000000005304c000 	C:\Program Files\Java\jre1.8.0_111\bin\prism_sw.dll
0x0000000053280000 - 0x00000000532c3000 	C:\Program Files\Java\jre1.8.0_111\bin\glass.dll
0x00007ffa22a60000 - 0x00007ffa22b5a000 	C:\WINDOWS\System32\COMDLG32.dll
0x00007ffa212f0000 - 0x00007ffa21427000 	C:\WINDOWS\System32\ole32.dll
0x00007ffa20480000 - 0x00007ffa2053f000 	C:\WINDOWS\System32\OLEAUT32.dll
0x00007ffa1f980000 - 0x00007ffa1fa1c000 	C:\WINDOWS\System32\msvcp_win.dll
0x00007ffa22c40000 - 0x00007ffa22d9b000 	C:\WINDOWS\System32\MSCTF.dll

VM Arguments:
jvm_args: -Dfile.encoding=Cp1252 
java_command: view.Main -server 8520
java_class_path (initial): D:\eclipse\SOKOBAN\JavaFx_Sokoban\bin;D:\eclipse\plugins\org.eclipse.fx.ide.css.jfx8_2.4.0.201605112122.jar
Launcher Type: SUN_STANDARD

Environment Variables:
PATH=C:/Program Files/Java/jre1.8.0_111/bin/server;C:/Program Files/Java/jre1.8.0_111/bin;C:/Program Files/Java/jre1.8.0_111/lib/amd64;C:\ProgramData\Oracle\Java\javapath;c:\Program Files\Java\jdk1.8.0_111\bin;C:\Program Files (x86)\Intel\iCLS Client\;C:\Program Files\Intel\iCLS Client\;C:\Program Files (x86)\NVIDIA Corporation\PhysX\Common;C:\WINDOWS\system32;C:\WINDOWS;C:\WINDOWS\System32\Wbem;C:\WINDOWS\System32\WindowsPowerShell\v1.0\;C:\Program Files\Intel\Intel(R) Management Engine Components\DAL;C:\Program Files\Intel\Intel(R) Management Engine Components\IPT;C:\Program Files (x86)\Intel\Intel(R) Management Engine Components\DAL;C:\Program Files (x86)\Intel\Intel(R) Management Engine Components\IPT;C:\WINDOWS\system32\config\systemprofile\.dnx\bin;C:\Program Files\Microsoft DNX\Dnvm\;C:\Program Files\Microsoft SQL Server\120\Tools\Binn\;c:\Program Files (x86)\Microsoft SQL Server\100\Tools\Binn\;c:\Program Files\Microsoft SQL Server\100\Tools\Binn\;c:\Program Files\Microsoft SQL Server\100\DTS\Binn\;C:\Program Files (x86)\Windows Kits\8.1\Windows Performance Toolkit\;C:\Program Files (x86)\Windows Live\Shared;C:\Program Files\Microsoft Network Monitor 3\;C:\Users\Shir\AppData\Local\Microsoft\WindowsApps;;D:\eclipse;
USERNAME=Shir
OS=Windows_NT
PROCESSOR_IDENTIFIER=Intel64 Family 6 Model 69 Stepping 1, GenuineIntel



---------------  S Y S T E M  ---------------

OS: Windows 10.0 , 64 bit Build 14393 (10.0.14393.0)

CPU:total 4 (2 cores per cpu, 2 threads per core) family 6 model 69 stepping 1, cmov, cx8, fxsr, mmx, sse, sse2, sse3, ssse3, sse4.1, sse4.2, popcnt, avx, avx2, aes, clmul, erms, lzcnt, ht, tsc, tscinvbit, bmi1, bmi2

Memory: 4k page, physical 8278296k(317556k free), swap 33444120k(4052k free)

vm_info: Java HotSpot(TM) 64-Bit Server VM (25.111-b14) for windows-amd64 JRE (1.8.0_111-b14), built on Sep 22 2016 19:24:05 by "java_re" with MS VC++ 10.0 (VS2010)

time: Fri Jan 27 23:05:27 2017
elapsed time: 0 seconds (0d 0h 0m 0s)

