#
# There is insufficient memory for the Java Runtime Environment to continue.
# Native memory allocation (malloc) failed to allocate 1048576 bytes for AllocateHeap
# Possible reasons:
#   The system is out of physical RAM or swap space
#   In 32 bit mode, the process size limit was hit
# Possible solutions:
#   Reduce memory load on the system
#   Increase physical memory or swap space
#   Check if swap backing store is full
#   Use 64 bit Java on a 64 bit OS
#   Decrease Java heap size (-Xmx/-Xms)
#   Decrease number of Java threads
#   Decrease Java thread stack sizes (-Xss)
#   Set larger code cache with -XX:ReservedCodeCacheSize=
# This output file may be truncated or incomplete.
#
#  Out of Memory Error (memory/allocation.inline.hpp:61), pid=11560, tid=0x0000000000003738
#
# JRE version:  (8.0_111-b14) (build )
# Java VM: Java HotSpot(TM) 64-Bit Server VM (25.111-b14 mixed mode windows-amd64 compressed oops)
# Failed to write core dump. Minidumps are not enabled by default on client versions of Windows
#

---------------  T H R E A D  ---------------

Current thread (0x0000000003110800):  JavaThread "Unknown thread" [_thread_in_vm, id=14136, stack(0x0000000001860000,0x0000000001960000)]

Stack: [0x0000000001860000,0x0000000001960000]
[error occurred during error reporting (printing stack bounds), id 0xc0000005]

Native frames: (J=compiled Java code, j=interpreted, Vv=VM code, C=native code)


---------------  P R O C E S S  ---------------

Java Threads: ( => current thread )

Other Threads:

=>0x0000000003110800 (exited) JavaThread "Unknown thread" [_thread_in_vm, id=14136, stack(0x0000000001860000,0x0000000001960000)]

VM state:not at safepoint (normal execution)

VM Mutex/Monitor currently owned by a thread: None

Heap:
 PSYoungGen      total 38400K, used 665K [0x00000000d5e00000, 0x00000000d8880000, 0x0000000100000000)
  eden space 33280K, 2% used [0x00000000d5e00000,0x00000000d5ea6670,0x00000000d7e80000)
  from space 5120K, 0% used [0x00000000d8380000,0x00000000d8380000,0x00000000d8880000)
  to   space 5120K, 0% used [0x00000000d7e80000,0x00000000d7e80000,0x00000000d8380000)
 ParOldGen       total 87552K, used 0K [0x0000000081a00000, 0x0000000086f80000, 0x00000000d5e00000)
  object space 87552K, 0% used [0x0000000081a00000,0x0000000081a00000,0x0000000086f80000)
 Metaspace       used 752K, capacity 1092K, committed 1152K, reserved 1060864K
  class space    used 75K, capacity 384K, committed 384K, reserved 1048576K

Card table byte_map: [0x00000000125d0000,0x00000000129d0000] byte_map_base: 0x00000000121c3000

Marking Bits: (ParMarkBitMap*) 0x0000000053cda6c0
 Begin Bits: [0x0000000013080000, 0x0000000015018000)
 End Bits:   [0x0000000015018000, 0x0000000016fb0000)

Polling page: 0x0000000001320000

CodeCache: size=245760Kb used=328Kb max_used=328Kb free=245431Kb
 bounds [0x0000000003210000, 0x0000000003480000, 0x0000000012210000]
 total_blobs=58 nmethods=0 adapters=38
 compilation: enabled

Compilation events (0 events):
No events

GC Heap History (0 events):
No events

Deoptimization events (0 events):
No events

Internal exceptions (0 events):
No events

Events (10 events):
Event: 0.029 loading class java/lang/Short
Event: 0.029 loading class java/lang/Short done
Event: 0.029 loading class java/lang/Integer
Event: 0.029 loading class java/lang/Integer done
Event: 0.029 loading class java/lang/Long
Event: 0.029 loading class java/lang/Long done
Event: 0.030 loading class java/lang/NullPointerException
Event: 0.030 loading class java/lang/NullPointerException done
Event: 0.030 loading class java/lang/ArithmeticException
Event: 0.030 loading class java/lang/ArithmeticException done


Dynamic libraries:
0x00007ff62bae0000 - 0x00007ff62bb17000 	C:\Program Files\Java\jre1.8.0_111\bin\javaw.exe
0x00007ffa22e00000 - 0x00007ffa22fd1000 	C:\WINDOWS\SYSTEM32\ntdll.dll
0x00007ffa203d0000 - 0x00007ffa2047b000 	C:\WINDOWS\System32\KERNEL32.DLL
0x00007ffa1f3a0000 - 0x00007ffa1f5bd000 	C:\WINDOWS\System32\KERNELBASE.dll
0x00007ffa211e0000 - 0x00007ffa21282000 	C:\WINDOWS\System32\ADVAPI32.dll
0x00007ffa214b0000 - 0x00007ffa2154e000 	C:\WINDOWS\System32\msvcrt.dll
0x00007ffa21450000 - 0x00007ffa214a9000 	C:\WINDOWS\System32\sechost.dll
0x00007ffa20a50000 - 0x00007ffa20b71000 	C:\WINDOWS\System32\RPCRT4.dll
0x00007ffa20d20000 - 0x00007ffa20e85000 	C:\WINDOWS\System32\USER32.dll
0x00007ffa1f960000 - 0x00007ffa1f97e000 	C:\WINDOWS\System32\win32u.dll
0x00007ffa20390000 - 0x00007ffa203c4000 	C:\WINDOWS\System32\GDI32.dll
0x00007ffa1f5c0000 - 0x00007ffa1f742000 	C:\WINDOWS\System32\gdi32full.dll
0x00007ffa1aae0000 - 0x00007ffa1ad59000 	C:\WINDOWS\WinSxS\amd64_microsoft.windows.common-controls_6595b64144ccf1df_6.0.14393.447_none_42191651c6827bb3\COMCTL32.dll
0x00007ffa20f10000 - 0x00007ffa211d8000 	C:\WINDOWS\System32\combase.dll
0x00007ffa1f860000 - 0x00007ffa1f955000 	C:\WINDOWS\System32\ucrtbase.dll
0x00007ffa20150000 - 0x00007ffa201ba000 	C:\WINDOWS\System32\bcryptPrimitives.dll
0x00007ffa22b70000 - 0x00007ffa22b9e000 	C:\WINDOWS\System32\IMM32.DLL
0x00000000532f0000 - 0x00000000533c2000 	C:\Program Files\Java\jre1.8.0_111\bin\msvcr100.dll
0x00000000534c0000 - 0x0000000053d5a000 	C:\Program Files\Java\jre1.8.0_111\bin\server\jvm.dll
0x00007ffa20e90000 - 0x00007ffa20e98000 	C:\WINDOWS\System32\PSAPI.DLL
0x00007ffa07400000 - 0x00007ffa07409000 	C:\WINDOWS\SYSTEM32\WSOCK32.dll
0x00007ffa1c2c0000 - 0x00007ffa1c2e3000 	C:\WINDOWS\SYSTEM32\WINMM.dll
0x00007ffa20ea0000 - 0x00007ffa20f0a000 	C:\WINDOWS\System32\WS2_32.dll
0x00007ffa1ae40000 - 0x00007ffa1ae4a000 	C:\WINDOWS\SYSTEM32\VERSION.dll
0x00007ffa1c260000 - 0x00007ffa1c28b000 	C:\WINDOWS\SYSTEM32\winmmbase.dll
0x00007ffa20100000 - 0x00007ffa20142000 	C:\WINDOWS\System32\cfgmgr32.dll
0x00000000534b0000 - 0x00000000534bf000 	C:\Program Files\Java\jre1.8.0_111\bin\verify.dll
0x0000000053480000 - 0x00000000534a9000 	C:\Program Files\Java\jre1.8.0_111\bin\java.dll
0x0000000053460000 - 0x0000000053476000 	C:\Program Files\Java\jre1.8.0_111\bin\zip.dll

VM Arguments:
jvm_args: -Dfile.encoding=Cp1252 
java_command: view.Main shir
java_class_path (initial): D:\eclipse\SOKOBAN\JavaFx_Sokoban\bin;D:\eclipse\plugins\org.eclipse.fx.ide.css.jfx8_2.4.0.201605112122.jar
Launcher Type: SUN_STANDARD

Environment Variables:
PATH=C:/Program Files/Java/jre1.8.0_111/bin/server;C:/Program Files/Java/jre1.8.0_111/bin;C:/Program Files/Java/jre1.8.0_111/lib/amd64;C:\ProgramData\Oracle\Java\javapath;c:\Program Files\Java\jdk1.8.0_111\bin;C:\Program Files (x86)\Intel\iCLS Client\;C:\Program Files\Intel\iCLS Client\;C:\Program Files (x86)\NVIDIA Corporation\PhysX\Common;C:\WINDOWS\system32;C:\WINDOWS;C:\WINDOWS\System32\Wbem;C:\WINDOWS\System32\WindowsPowerShell\v1.0\;C:\Program Files\Intel\Intel(R) Management Engine Components\DAL;C:\Program Files\Intel\Intel(R) Management Engine Components\IPT;C:\Program Files (x86)\Intel\Intel(R) Management Engine Components\DAL;C:\Program Files (x86)\Intel\Intel(R) Management Engine Components\IPT;C:\WINDOWS\system32\config\systemprofile\.dnx\bin;C:\Program Files\Microsoft DNX\Dnvm\;C:\Program Files\Microsoft SQL Server\120\Tools\Binn\;c:\Program Files (x86)\Microsoft SQL Server\100\Tools\Binn\;c:\Program Files\Microsoft SQL Server\100\Tools\Binn\;c:\Program Files\Microsoft SQL Server\100\DTS\Binn\;C:\Program Files (x86)\Windows Kits\8.1\Windows Performance Toolkit\;C:\Program Files (x86)\Windows Live\Shared;C:\Program Files\Microsoft Network Monitor 3\;C:\Users\Shir\AppData\Local\Microsoft\WindowsApps;;D:\eclipse;
USERNAME=Shir
OS=Windows_NT
PROCESSOR_IDENTIFIER=Intel64 Family 6 Model 69 Stepping 1, GenuineIntel



---------------  S Y S T E M  ---------------

OS: Windows 10.0 , 64 bit Build 14393 (10.0.14393.0)

CPU:total 4 (2 cores per cpu, 2 threads per core) family 6 model 69 stepping 1, cmov, cx8, fxsr, mmx, sse, sse2, sse3, ssse3, sse4.1, sse4.2, popcnt, avx, avx2, aes, clmul, erms, lzcnt, ht, tsc, tscinvbit, bmi1, bmi2

Memory: 4k page, physical 8278296k(1878764k free), swap 33444120k(5564k free)

vm_info: Java HotSpot(TM) 64-Bit Server VM (25.111-b14) for windows-amd64 JRE (1.8.0_111-b14), built on Sep 22 2016 19:24:05 by "java_re" with MS VC++ 10.0 (VS2010)

time: Mon Jan 23 19:59:59 2017
elapsed time: 0 seconds (0d 0h 0m 0s)

